# JRE version: OpenJDK Runtime Environment (7.0_85-b01) (build 1.7.0_85-b01)
# Java VM: OpenJDK 64-Bit Server VM (24.85-b03 mixed mode linux-amd64 compressed oops)
Heap
 PSYoungGen      total 301568K, used 183117K [0x00000000eaa80000, 0x0000000100000000, 0x0000000100000000)
  eden space 267776K, 61% used [0x00000000eaa80000,0x00000000f4ada9a8,0x00000000fb000000)
  from space 33792K, 55% used [0x00000000fdf00000,0x00000000ff178ae8,0x0000000100000000)
  to   space 40960K, 0% used [0x00000000fb000000,0x00000000fb000000,0x00000000fd800000)
 ParOldGen       total 342016K, used 49555K [0x00000000c0000000, 0x00000000d4e00000, 0x00000000eaa80000)
  object space 342016K, 14% used [0x00000000c0000000,0x00000000c3064c88,0x00000000d4e00000)
 PSPermGen       total 94208K, used 55307K [0x00000000b0000000, 0x00000000b5c00000, 0x00000000c0000000)
  object space 94208K, 58% used [0x00000000b0000000,0x00000000b3602e78,0x00000000b5c00000)
GC Heap History (10 events):
Event: 9.573 GC heap before
{Heap before GC invocations=5 (full 0):
 PSYoungGen      total 280064K, used 270968K [0x00000000eaa80000, 0x00000000fd080000, 0x0000000100000000)
  eden space 259072K, 100% used [0x00000000eaa80000,0x00000000fa780000,0x00000000fa780000)
  from space 20992K, 56% used [0x00000000fbc00000,0x00000000fc79e058,0x00000000fd080000)
  to   space 20992K, 0% used [0x00000000fa780000,0x00000000fa780000,0x00000000fbc00000)
 ParOldGen       total 342016K, used 32K [0x00000000c0000000, 0x00000000d4e00000, 0x00000000eaa80000)
  object space 342016K, 0% used [0x00000000c0000000,0x00000000c0008000,0x00000000d4e00000)
 PSPermGen       total 29696K, used 29248K [0x00000000b0000000, 0x00000000b1d00000, 0x00000000c0000000)
  object space 29696K, 98% used [0x00000000b0000000,0x00000000b1c90048,0x00000000b1d00000)
Event: 9.599 GC heap after
Heap after GC invocations=5 (full 0):
 PSYoungGen      total 280064K, used 18695K [0x00000000eaa80000, 0x0000000100000000, 0x0000000100000000)
  eden space 259072K, 0% used [0x00000000eaa80000,0x00000000eaa80000,0x00000000fa780000)
  from space 20992K, 89% used [0x00000000fa780000,0x00000000fb9c1ea0,0x00000000fbc00000)
  to   space 20992K, 0% used [0x00000000feb80000,0x00000000feb80000,0x0000000100000000)
 ParOldGen       total 342016K, used 104K [0x00000000c0000000, 0x00000000d4e00000, 0x00000000eaa80000)
  object space 342016K, 0% used [0x00000000c0000000,0x00000000c001a010,0x00000000d4e00000)
 PSPermGen       total 29696K, used 29248K [0x00000000b0000000, 0x00000000b1d00000, 0x00000000c0000000)
  object space 29696K, 98% used [0x00000000b0000000,0x00000000b1c90048,0x00000000b1d00000)
}
Event: 14.060 GC heap before
{Heap before GC invocations=6 (full 0):
 PSYoungGen      total 280064K, used 277767K [0x00000000eaa80000, 0x0000000100000000, 0x0000000100000000)
  eden space 259072K, 100% used [0x00000000eaa80000,0x00000000fa780000,0x00000000fa780000)
  from space 20992K, 89% used [0x00000000fa780000,0x00000000fb9c1ea0,0x00000000fbc00000)
  to   space 20992K, 0% used [0x00000000feb80000,0x00000000feb80000,0x0000000100000000)
 ParOldGen       total 342016K, used 104K [0x00000000c0000000, 0x00000000d4e00000, 0x00000000eaa80000)
  object space 342016K, 0% used [0x00000000c0000000,0x00000000c001a010,0x00000000d4e00000)
 PSPermGen       total 41984K, used 41631K [0x00000000b0000000, 0x00000000b2900000, 0x00000000c0000000)
  object space 41984K, 99% used [0x00000000b0000000,0x00000000b28a7f60,0x00000000b2900000)
Event: 14.111 GC heap after
Heap after GC invocations=6 (full 0):
 PSYoungGen      total 303104K, used 20963K [0x00000000eaa80000, 0x0000000100000000, 0x0000000100000000)
  eden space 282112K, 0% used [0x00000000eaa80000,0x00000000eaa80000,0x00000000fbe00000)
  from space 20992K, 99% used [0x00000000feb80000,0x00000000ffff8f20,0x0000000100000000)
  to   space 33792K, 0% used [0x00000000fbe00000,0x00000000fbe00000,0x00000000fdf00000)
 ParOldGen       total 342016K, used 16442K [0x00000000c0000000, 0x00000000d4e00000, 0x00000000eaa80000)
  object space 342016K, 4% used [0x00000000c0000000,0x00000000c100eb70,0x00000000d4e00000)
 PSPermGen       total 41984K, used 41631K [0x00000000b0000000, 0x00000000b2900000, 0x00000000c0000000)
  object space 41984K, 99% used [0x00000000b0000000,0x00000000b28a7f60,0x00000000b2900000)
}
Event: 16.578 GC heap before
{Heap before GC invocations=7 (full 0):
 PSYoungGen      total 303104K, used 204490K [0x00000000eaa80000, 0x0000000100000000, 0x0000000100000000)
  eden space 282112K, 65% used [0x00000000eaa80000,0x00000000f5db9ab0,0x00000000fbe00000)
  from space 20992K, 99% used [0x00000000feb80000,0x00000000ffff8f20,0x0000000100000000)
  to   space 33792K, 0% used [0x00000000fbe00000,0x00000000fbe00000,0x00000000fdf00000)
 ParOldGen       total 342016K, used 16442K [0x00000000c0000000, 0x00000000d4e00000, 0x00000000eaa80000)
  object space 342016K, 4% used [0x00000000c0000000,0x00000000c100eb70,0x00000000d4e00000)
 PSPermGen       total 47104K, used 46949K [0x00000000b0000000, 0x00000000b2e00000, 0x00000000c0000000)
  object space 47104K, 99% used [0x00000000b0000000,0x00000000b2dd96c8,0x00000000b2e00000)
Event: 16.624 GC heap after
Heap after GC invocations=7 (full 0):
 PSYoungGen      total 315904K, used 33767K [0x00000000eaa80000, 0x0000000100000000, 0x0000000100000000)
  eden space 282112K, 0% used [0x00000000eaa80000,0x00000000eaa80000,0x00000000fbe00000)
  from space 33792K, 99% used [0x00000000fbe00000,0x00000000fdef9c88,0x00000000fdf00000)
  to   space 33792K, 0% used [0x00000000fdf00000,0x00000000fdf00000,0x0000000100000000)
 ParOldGen       total 342016K, used 23907K [0x00000000c0000000, 0x00000000d4e00000, 0x00000000eaa80000)
  object space 342016K, 6% used [0x00000000c0000000,0x00000000c1758ea0,0x00000000d4e00000)
 PSPermGen       total 47104K, used 46949K [0x00000000b0000000, 0x00000000b2e00000, 0x00000000c0000000)
  object space 47104K, 99% used [0x00000000b0000000,0x00000000b2dd96c8,0x00000000b2e00000)
}
Event: 16.624 GC heap before
{Heap before GC invocations=8 (full 1):
 PSYoungGen      total 315904K, used 33767K [0x00000000eaa80000, 0x0000000100000000, 0x0000000100000000)
  eden space 282112K, 0% used [0x00000000eaa80000,0x00000000eaa80000,0x00000000fbe00000)
  from space 33792K, 99% used [0x00000000fbe00000,0x00000000fdef9c88,0x00000000fdf00000)
  to   space 33792K, 0% used [0x00000000fdf00000,0x00000000fdf00000,0x0000000100000000)
 ParOldGen       total 342016K, used 23907K [0x00000000c0000000, 0x00000000d4e00000, 0x00000000eaa80000)
  object space 342016K, 6% used [0x00000000c0000000,0x00000000c1758ea0,0x00000000d4e00000)
 PSPermGen       total 47104K, used 46949K [0x00000000b0000000, 0x00000000b2e00000, 0x00000000c0000000)
  object space 47104K, 99% used [0x00000000b0000000,0x00000000b2dd96c8,0x00000000b2e00000)
Event: 16.874 GC heap after
Heap after GC invocations=8 (full 1):
 PSYoungGen      total 315904K, used 0K [0x00000000eaa80000, 0x0000000100000000, 0x0000000100000000)
  eden space 282112K, 0% used [0x00000000eaa80000,0x00000000eaa80000,0x00000000fbe00000)
  from space 33792K, 0% used [0x00000000fbe00000,0x00000000fbe00000,0x00000000fdf00000)
  to   space 33792K, 0% used [0x00000000fdf00000,0x00000000fdf00000,0x0000000100000000)
 ParOldGen       total 342016K, used 49555K [0x00000000c0000000, 0x00000000d4e00000, 0x00000000eaa80000)
  object space 342016K, 14% used [0x00000000c0000000,0x00000000c3064c88,0x00000000d4e00000)
 PSPermGen       total 94208K, used 46847K [0x00000000b0000000, 0x00000000b5c00000, 0x00000000c0000000)
  object space 94208K, 49% used [0x00000000b0000000,0x00000000b2dbfeb8,0x00000000b5c00000)
}
Event: 31.885 GC heap before
{Heap before GC invocations=9 (full 1):
 PSYoungGen      total 315904K, used 282112K [0x00000000eaa80000, 0x0000000100000000, 0x0000000100000000)
  eden space 282112K, 100% used [0x00000000eaa80000,0x00000000fbe00000,0x00000000fbe00000)
  from space 33792K, 0% used [0x00000000fbe00000,0x00000000fbe00000,0x00000000fdf00000)
  to   space 33792K, 0% used [0x00000000fdf00000,0x00000000fdf00000,0x0000000100000000)
 ParOldGen       total 342016K, used 49555K [0x00000000c0000000, 0x00000000d4e00000, 0x00000000eaa80000)
  object space 342016K, 14% used [0x00000000c0000000,0x00000000c3064c88,0x00000000d4e00000)
 PSPermGen       total 94208K, used 50006K [0x00000000b0000000, 0x00000000b5c00000, 0x00000000c0000000)
  object space 94208K, 53% used [0x00000000b0000000,0x00000000b30d59c8,0x00000000b5c00000)
Event: 31.910 GC heap after
Heap after GC invocations=9 (full 1):
 PSYoungGen      total 301568K, used 18914K [0x00000000eaa80000, 0x0000000100000000, 0x0000000100000000)
  eden space 267776K, 0% used [0x00000000eaa80000,0x00000000eaa80000,0x00000000fb000000)
  from space 33792K, 55% used [0x00000000fdf00000,0x00000000ff178ae8,0x0000000100000000)
  to   space 40960K, 0% used [0x00000000fb000000,0x00000000fb000000,0x00000000fd800000)
 ParOldGen       total 342016K, used 49555K [0x00000000c0000000, 0x00000000d4e00000, 0x00000000eaa80000)
  object space 342016K, 14% used [0x00000000c0000000,0x00000000c3064c88,0x00000000d4e00000)
 PSPermGen       total 94208K, used 50006K [0x00000000b0000000, 0x00000000b5c00000, 0x00000000c0000000)
  object space 94208K, 53% used [0x00000000b0000000,0x00000000b30d59c8,0x00000000b5c00000)
}

